<?xml version="1.0" encoding="UTF-8"?>
<!-- Generated by org.testng.reporters.JUnitXMLReporter -->
<testsuite ignored="0" hostname="ASCINLAP61582" failures="0" tests="11" name="Test" time="267.945" errors="0" timestamp="2025-05-23T18:04:46 IST">
  <testcase classname="tests.LoginTest" name="testLogin" time="27.045"/>
  <testcase classname="tests.LoginTest" name="testInvalidUsername" time="19.548"/>
  <testcase classname="tests.LoginTest" name="testInvalidPassword" time="18.491"/>
  <testcase classname="tests.CombinedTest" name="testFormSubmission" time="11.071"/>
  <testcase classname="tests.CombinedTest" name="testFormSubmissionNegative" time="16.766"/>
  <testcase classname="tests.CombinedTest" name="testSearchFunctionality" time="11.339"/>
  <testcase classname="tests.CombinedTest" name="testSearchNegative" time="9.691"/>
  <testcase classname="tests.OptionalFunctionalityTest" name="testActionExample" time="14.835"/>
  <testcase classname="tests.OptionalFunctionalityTest" name="testIFrameExample" time="10.606"/>
  <testcase classname="tests.OptionalFunctionalityTest" name="testWindowsExample" time="23.072"/>
  <testcase classname="tests.OptionalFunctionalityTest" name="testAlertExample" time="11.835"/>
</testsuite> <!-- Test -->
