<?xml version="1.0" encoding="UTF-8"?>
<testsuite name="TestSuite" time="174.299" tests="11" errors="0" skipped="0" failures="0">
  <properties>
[...]
</properties>
  <testcase name="testLogin" classname="tests.LoginTest" time="27.046"/>
  <testcase name="testInvalidUsername" classname="tests.LoginTest" time="19.547"/>
  <testcase name="testInvalidPassword" classname="tests.LoginTest" time="18.492"/>
  <testcase name="testFormSubmission" classname="tests.CombinedTest" time="11.075"/>
  <testcase name="testFormSubmissionNegative" classname="tests.CombinedTest" time="16.765"/>
  <testcase name="testSearchFunctionality" classname="tests.CombinedTest" time="11.34"/>
  <testcase name="testSearchNegative" classname="tests.CombinedTest" time="9.691"/>
  <testcase name="testActionExample" classname="tests.OptionalFunctionalityTest" time="14.835"/>
  <testcase name="testIFrameExample" classname="tests.OptionalFunctionalityTest" time="10.607"/>
  <testcase name="testWindowsExample" classname="tests.OptionalFunctionalityTest" time="23.067"/>
  <testcase name="testAlertExample" classname="tests.OptionalFunctionalityTest" time="11.834"/>
</testsuite>