<?xml version="1.0" encoding="UTF-8"?>
<testng-results ignored="0" total="11" passed="11" failed="0" skipped="0">
  <reporter-output>
  </reporter-output>
  <suite started-at="2025-05-23T18:00:17 IST" name="Suite" finished-at="2025-05-23T18:04:45 IST" duration-ms="267945">
    <groups>
    </groups>
    <test started-at="2025-05-23T18:00:17 IST" name="Test" finished-at="2025-05-23T18:04:45 IST" duration-ms="267945">
      <class name="tests.LoginTest">
        <test-method is-config="true" signature="setUp()[pri:0, instance:tests.LoginTest@3cd3e762]" started-at="2025-05-23T18:00:17 IST" name="setUp" finished-at="2025-05-23T18:00:24 IST" duration-ms="6326" status="PASS">
          <reporter-output>
          </reporter-output>
        </test-method> <!-- setUp -->
        <test-method signature="testLogin()[pri:1, instance:tests.LoginTest@3cd3e762]" started-at="2025-05-23T18:00:24 IST" name="testLogin" finished-at="2025-05-23T18:00:51 IST" duration-ms="27045" status="PASS">
          <reporter-output>
          </reporter-output>
        </test-method> <!-- testLogin -->
        <test-method is-config="true" signature="tearDown(org.testng.ITestResult)[pri:0, instance:tests.LoginTest@3cd3e762]" started-at="2025-05-23T18:00:51 IST" name="tearDown" finished-at="2025-05-23T18:00:56 IST" duration-ms="5668" status="PASS">
          <params>
            <param index="0">
              <value>
                <![CDATA[[TestResult name=testLogin status=SUCCESS method=LoginTest.testLogin()[pri:1, instance:tests.LoginTest@3cd3e762] output={null}]]]>
              </value>
            </param>
          </params>
          <reporter-output>
          </reporter-output>
        </test-method> <!-- tearDown -->
        <test-method is-config="true" signature="setUp()[pri:0, instance:tests.LoginTest@3cd3e762]" started-at="2025-05-23T18:00:56 IST" name="setUp" finished-at="2025-05-23T18:00:59 IST" duration-ms="2662" status="PASS">
          <reporter-output>
          </reporter-output>
        </test-method> <!-- setUp -->
        <test-method signature="testInvalidUsername()[pri:2, instance:tests.LoginTest@3cd3e762]" started-at="2025-05-23T18:00:59 IST" name="testInvalidUsername" finished-at="2025-05-23T18:01:19 IST" duration-ms="19548" status="PASS">
          <reporter-output>
          </reporter-output>
        </test-method> <!-- testInvalidUsername -->
        <test-method is-config="true" signature="tearDown(org.testng.ITestResult)[pri:0, instance:tests.LoginTest@3cd3e762]" started-at="2025-05-23T18:01:19 IST" name="tearDown" finished-at="2025-05-23T18:01:24 IST" duration-ms="5071" status="PASS">
          <params>
            <param index="0">
              <value>
                <![CDATA[[TestResult name=testInvalidUsername status=SUCCESS method=LoginTest.testInvalidUsername()[pri:2, instance:tests.LoginTest@3cd3e762] output={null}]]]>
              </value>
            </param>
          </params>
          <reporter-output>
          </reporter-output>
        </test-method> <!-- tearDown -->
        <test-method is-config="true" signature="setUp()[pri:0, instance:tests.LoginTest@3cd3e762]" started-at="2025-05-23T18:01:24 IST" name="setUp" finished-at="2025-05-23T18:01:26 IST" duration-ms="2624" status="PASS">
          <reporter-output>
          </reporter-output>
        </test-method> <!-- setUp -->
        <test-method signature="testInvalidPassword()[pri:3, instance:tests.LoginTest@3cd3e762]" started-at="2025-05-23T18:01:26 IST" name="testInvalidPassword" finished-at="2025-05-23T18:01:45 IST" duration-ms="18491" status="PASS">
          <reporter-output>
          </reporter-output>
        </test-method> <!-- testInvalidPassword -->
        <test-method is-config="true" signature="tearDown(org.testng.ITestResult)[pri:0, instance:tests.LoginTest@3cd3e762]" started-at="2025-05-23T18:01:45 IST" name="tearDown" finished-at="2025-05-23T18:01:50 IST" duration-ms="4927" status="PASS">
          <params>
            <param index="0">
              <value>
                <![CDATA[[TestResult name=testInvalidPassword status=SUCCESS method=LoginTest.testInvalidPassword()[pri:3, instance:tests.LoginTest@3cd3e762] output={null}]]]>
              </value>
            </param>
          </params>
          <reporter-output>
          </reporter-output>
        </test-method> <!-- tearDown -->
      </class> <!-- tests.LoginTest -->
      <class name="tests.OptionalFunctionalityTest">
        <test-method is-config="true" signature="setUp()[pri:0, instance:tests.OptionalFunctionalityTest@7eac9008]" started-at="2025-05-23T18:03:10 IST" name="setUp" finished-at="2025-05-23T18:03:13 IST" duration-ms="2722" status="PASS">
          <reporter-output>
          </reporter-output>
        </test-method> <!-- setUp -->
        <test-method signature="testActionExample()[pri:1, instance:tests.OptionalFunctionalityTest@7eac9008]" started-at="2025-05-23T18:03:13 IST" name="testActionExample" finished-at="2025-05-23T18:03:28 IST" duration-ms="14835" status="PASS">
          <reporter-output>
          </reporter-output>
        </test-method> <!-- testActionExample -->
        <test-method is-config="true" signature="tearDown(org.testng.ITestResult)[pri:0, instance:tests.OptionalFunctionalityTest@7eac9008]" started-at="2025-05-23T18:03:28 IST" name="tearDown" finished-at="2025-05-23T18:03:35 IST" duration-ms="6560" status="PASS">
          <params>
            <param index="0">
              <value>
                <![CDATA[[TestResult name=testActionExample status=SUCCESS method=OptionalFunctionalityTest.testActionExample()[pri:1, instance:tests.OptionalFunctionalityTest@7eac9008] output={null}]]]>
              </value>
            </param>
          </params>
          <reporter-output>
          </reporter-output>
        </test-method> <!-- tearDown -->
        <test-method is-config="true" signature="setUp()[pri:0, instance:tests.OptionalFunctionalityTest@7eac9008]" started-at="2025-05-23T18:03:35 IST" name="setUp" finished-at="2025-05-23T18:03:37 IST" duration-ms="2477" status="PASS">
          <reporter-output>
          </reporter-output>
        </test-method> <!-- setUp -->
        <test-method signature="testIFrameExample()[pri:2, instance:tests.OptionalFunctionalityTest@7eac9008]" started-at="2025-05-23T18:03:37 IST" name="testIFrameExample" finished-at="2025-05-23T18:03:48 IST" duration-ms="10606" status="PASS">
          <reporter-output>
          </reporter-output>
        </test-method> <!-- testIFrameExample -->
        <test-method is-config="true" signature="tearDown(org.testng.ITestResult)[pri:0, instance:tests.OptionalFunctionalityTest@7eac9008]" started-at="2025-05-23T18:03:48 IST" name="tearDown" finished-at="2025-05-23T18:03:53 IST" duration-ms="5675" status="PASS">
          <params>
            <param index="0">
              <value>
                <![CDATA[[TestResult name=testIFrameExample status=SUCCESS method=OptionalFunctionalityTest.testIFrameExample()[pri:2, instance:tests.OptionalFunctionalityTest@7eac9008] output={null}]]]>
              </value>
            </param>
          </params>
          <reporter-output>
          </reporter-output>
        </test-method> <!-- tearDown -->
        <test-method is-config="true" signature="setUp()[pri:0, instance:tests.OptionalFunctionalityTest@7eac9008]" started-at="2025-05-23T18:03:53 IST" name="setUp" finished-at="2025-05-23T18:03:56 IST" duration-ms="2590" status="PASS">
          <reporter-output>
          </reporter-output>
        </test-method> <!-- setUp -->
        <test-method signature="testWindowsExample()[pri:3, instance:tests.OptionalFunctionalityTest@7eac9008]" started-at="2025-05-23T18:03:56 IST" name="testWindowsExample" finished-at="2025-05-23T18:04:19 IST" duration-ms="23072" status="PASS">
          <reporter-output>
          </reporter-output>
        </test-method> <!-- testWindowsExample -->
        <test-method is-config="true" signature="tearDown(org.testng.ITestResult)[pri:0, instance:tests.OptionalFunctionalityTest@7eac9008]" started-at="2025-05-23T18:04:19 IST" name="tearDown" finished-at="2025-05-23T18:04:24 IST" duration-ms="5517" status="PASS">
          <params>
            <param index="0">
              <value>
                <![CDATA[[TestResult name=testWindowsExample status=SUCCESS method=OptionalFunctionalityTest.testWindowsExample()[pri:3, instance:tests.OptionalFunctionalityTest@7eac9008] output={null}]]]>
              </value>
            </param>
          </params>
          <reporter-output>
          </reporter-output>
        </test-method> <!-- tearDown -->
        <test-method is-config="true" signature="setUp()[pri:0, instance:tests.OptionalFunctionalityTest@7eac9008]" started-at="2025-05-23T18:04:24 IST" name="setUp" finished-at="2025-05-23T18:04:27 IST" duration-ms="2618" status="PASS">
          <reporter-output>
          </reporter-output>
        </test-method> <!-- setUp -->
        <test-method signature="testAlertExample()[pri:4, instance:tests.OptionalFunctionalityTest@7eac9008]" started-at="2025-05-23T18:04:27 IST" name="testAlertExample" finished-at="2025-05-23T18:04:39 IST" duration-ms="11835" status="PASS">
          <reporter-output>
          </reporter-output>
        </test-method> <!-- testAlertExample -->
        <test-method is-config="true" signature="tearDown(org.testng.ITestResult)[pri:0, instance:tests.OptionalFunctionalityTest@7eac9008]" started-at="2025-05-23T18:04:39 IST" name="tearDown" finished-at="2025-05-23T18:04:45 IST" duration-ms="6351" status="PASS">
          <params>
            <param index="0">
              <value>
                <![CDATA[[TestResult name=testAlertExample status=SUCCESS method=OptionalFunctionalityTest.testAlertExample()[pri:4, instance:tests.OptionalFunctionalityTest@7eac9008] output={null}]]]>
              </value>
            </param>
          </params>
          <reporter-output>
          </reporter-output>
        </test-method> <!-- tearDown -->
      </class> <!-- tests.OptionalFunctionalityTest -->
      <class name="tests.CombinedTest">
        <test-method is-config="true" signature="setUp()[pri:0, instance:tests.CombinedTest@1fa121e2]" started-at="2025-05-23T18:01:50 IST" name="setUp" finished-at="2025-05-23T18:01:52 IST" duration-ms="2678" status="PASS">
          <reporter-output>
          </reporter-output>
        </test-method> <!-- setUp -->
        <test-method signature="testFormSubmission()[pri:1, instance:tests.CombinedTest@1fa121e2]" started-at="2025-05-23T18:01:52 IST" name="testFormSubmission" finished-at="2025-05-23T18:02:03 IST" duration-ms="11071" status="PASS">
          <reporter-output>
          </reporter-output>
        </test-method> <!-- testFormSubmission -->
        <test-method is-config="true" signature="tearDown(org.testng.ITestResult)[pri:0, instance:tests.CombinedTest@1fa121e2]" started-at="2025-05-23T18:02:03 IST" name="tearDown" finished-at="2025-05-23T18:02:08 IST" duration-ms="4963" status="PASS">
          <params>
            <param index="0">
              <value>
                <![CDATA[[TestResult name=testFormSubmission status=SUCCESS method=CombinedTest.testFormSubmission()[pri:1, instance:tests.CombinedTest@1fa121e2] output={null}]]]>
              </value>
            </param>
          </params>
          <reporter-output>
          </reporter-output>
        </test-method> <!-- tearDown -->
        <test-method is-config="true" signature="setUp()[pri:0, instance:tests.CombinedTest@1fa121e2]" started-at="2025-05-23T18:02:08 IST" name="setUp" finished-at="2025-05-23T18:02:11 IST" duration-ms="2627" status="PASS">
          <reporter-output>
          </reporter-output>
        </test-method> <!-- setUp -->
        <test-method signature="testFormSubmissionNegative()[pri:2, instance:tests.CombinedTest@1fa121e2]" started-at="2025-05-23T18:02:11 IST" name="testFormSubmissionNegative" finished-at="2025-05-23T18:02:28 IST" duration-ms="16766" status="PASS">
          <reporter-output>
          </reporter-output>
        </test-method> <!-- testFormSubmissionNegative -->
        <test-method is-config="true" signature="tearDown(org.testng.ITestResult)[pri:0, instance:tests.CombinedTest@1fa121e2]" started-at="2025-05-23T18:02:28 IST" name="tearDown" finished-at="2025-05-23T18:02:34 IST" duration-ms="5775" status="PASS">
          <params>
            <param index="0">
              <value>
                <![CDATA[[TestResult name=testFormSubmissionNegative status=SUCCESS method=CombinedTest.testFormSubmissionNegative()[pri:2, instance:tests.CombinedTest@1fa121e2] output={null}]]]>
              </value>
            </param>
          </params>
          <reporter-output>
          </reporter-output>
        </test-method> <!-- tearDown -->
        <test-method is-config="true" signature="setUp()[pri:0, instance:tests.CombinedTest@1fa121e2]" started-at="2025-05-23T18:02:34 IST" name="setUp" finished-at="2025-05-23T18:02:36 IST" duration-ms="2620" status="PASS">
          <reporter-output>
          </reporter-output>
        </test-method> <!-- setUp -->
        <test-method signature="testSearchFunctionality()[pri:3, instance:tests.CombinedTest@1fa121e2]" started-at="2025-05-23T18:02:36 IST" name="testSearchFunctionality" finished-at="2025-05-23T18:02:48 IST" duration-ms="11339" status="PASS">
          <reporter-output>
          </reporter-output>
        </test-method> <!-- testSearchFunctionality -->
        <test-method is-config="true" signature="tearDown(org.testng.ITestResult)[pri:0, instance:tests.CombinedTest@1fa121e2]" started-at="2025-05-23T18:02:48 IST" name="tearDown" finished-at="2025-05-23T18:02:53 IST" duration-ms="5819" status="PASS">
          <params>
            <param index="0">
              <value>
                <![CDATA[[TestResult name=testSearchFunctionality status=SUCCESS method=CombinedTest.testSearchFunctionality()[pri:3, instance:tests.CombinedTest@1fa121e2] output={null}]]]>
              </value>
            </param>
          </params>
          <reporter-output>
          </reporter-output>
        </test-method> <!-- tearDown -->
        <test-method is-config="true" signature="setUp()[pri:0, instance:tests.CombinedTest@1fa121e2]" started-at="2025-05-23T18:02:53 IST" name="setUp" finished-at="2025-05-23T18:02:56 IST" duration-ms="2628" status="PASS">
          <reporter-output>
          </reporter-output>
        </test-method> <!-- setUp -->
        <test-method signature="testSearchNegative()[pri:4, instance:tests.CombinedTest@1fa121e2]" started-at="2025-05-23T18:02:56 IST" name="testSearchNegative" finished-at="2025-05-23T18:03:06 IST" duration-ms="9691" status="PASS">
          <reporter-output>
          </reporter-output>
        </test-method> <!-- testSearchNegative -->
        <test-method is-config="true" signature="tearDown(org.testng.ITestResult)[pri:0, instance:tests.CombinedTest@1fa121e2]" started-at="2025-05-23T18:03:06 IST" name="tearDown" finished-at="2025-05-23T18:03:10 IST" duration-ms="4699" status="PASS">
          <params>
            <param index="0">
              <value>
                <![CDATA[[TestResult name=testSearchNegative status=SUCCESS method=CombinedTest.testSearchNegative()[pri:4, instance:tests.CombinedTest@1fa121e2] output={null}]]]>
              </value>
            </param>
          </params>
          <reporter-output>
          </reporter-output>
        </test-method> <!-- tearDown -->
      </class> <!-- tests.CombinedTest -->
    </test> <!-- Test -->
  </suite> <!-- Suite -->
</testng-results>
